<?xml version="1.0" encoding="UTF-8"?>
<testng-results skipped="0" failed="0" total="1" passed="1">
  <reporter-output>
  </reporter-output>
  <suite name="Testing" duration-ms="17468" started-at="2020-04-26T20:06:21Z" finished-at="2020-04-26T20:06:39Z">
    <groups>
      <group name="cucumber">
        <method signature="AbstractTestNGCucumberTests.feature(cucumber.api.testng.CucumberFeatureWrapper)[pri:0, instance:com.osa.runner.Somke@464bee09]" name="feature" class="cucumber.api.testng.AbstractTestNGCucumberTests"/>
      </group> <!-- cucumber -->
    </groups>
    <test name="testngTest" duration-ms="17468" started-at="2020-04-26T20:06:21Z" finished-at="2020-04-26T20:06:39Z">
      <class name="com.osa.runner.Somke">
        <test-method status="PASS" signature="setUpClass()[pri:0, instance:com.osa.runner.Somke@464bee09]" name="setUpClass" is-config="true" duration-ms="398" started-at="2020-04-26T16:06:21Z" finished-at="2020-04-26T16:06:22Z">
          <reporter-output>
          </reporter-output>
        </test-method> <!-- setUpClass -->
        <test-method status="PASS" signature="feature(cucumber.api.testng.CucumberFeatureWrapper)[pri:0, instance:com.osa.runner.Somke@464bee09]" name="feature" duration-ms="16893" started-at="2020-04-26T16:06:22Z" description="Runs Cucumber Feature" data-provider="features" finished-at="2020-04-26T16:06:39Z">
          <params>
            <param index="0">
              <value>
                <![CDATA[Title of your feature I want to use this template for my feature file]]>
              </value>
            </param>
          </params>
          <reporter-output>
          </reporter-output>
        </test-method> <!-- feature -->
        <test-method status="PASS" signature="tearDownClass()[pri:0, instance:com.osa.runner.Somke@464bee09]" name="tearDownClass" is-config="true" duration-ms="18" started-at="2020-04-26T16:06:39Z" finished-at="2020-04-26T16:06:39Z">
          <reporter-output>
          </reporter-output>
        </test-method> <!-- tearDownClass -->
      </class> <!-- com.osa.runner.Somke -->
    </test> <!-- testngTest -->
  </suite> <!-- Testing -->
</testng-results>
